0 info it worked if it ends with ok
1 verbose cli [ '/usr/local/bin/node', '/usr/local/bin/npm', 'run', 'build' ]
2 info using npm@3.10.10
3 info using node@v7.2.1
4 verbose run-script [ 'prebuild', 'build', 'postbuild' ]
5 info lifecycle Foodies@0.1.0~prebuild: Foodies@0.1.0
6 silly lifecycle Foodies@0.1.0~prebuild: no script for prebuild, continuing
7 info lifecycle Foodies@0.1.0~build: Foodies@0.1.0
8 verbose lifecycle Foodies@0.1.0~build: unsafe-perm in lifecycle true
9 verbose lifecycle Foodies@0.1.0~build: PATH: /usr/local/lib/node_modules/npm/bin/node-gyp-bin:/vagrant/foodies/node_modules/.bin:/usr/local/sbin:/usr/local/bin:/usr/sbin:/usr/bin:/sbin:/bin:/usr/games:/usr/local/games:/opt/puppetlabs/bin
10 verbose lifecycle Foodies@0.1.0~build: CWD: /vagrant/foodies
11 silly lifecycle Foodies@0.1.0~build: Args: [ '-c', 'node node_modules/webpack/bin/webpack.js' ]
12 silly lifecycle Foodies@0.1.0~build: Returned: code: 1  signal: null
13 info lifecycle Foodies@0.1.0~build: Failed to exec build script
14 verbose stack Error: Foodies@0.1.0 build: `node node_modules/webpack/bin/webpack.js`
14 verbose stack Exit status 1
14 verbose stack     at EventEmitter.<anonymous> (/usr/local/lib/node_modules/npm/lib/utils/lifecycle.js:255:16)
14 verbose stack     at emitTwo (events.js:106:13)
14 verbose stack     at EventEmitter.emit (events.js:191:7)
14 verbose stack     at ChildProcess.<anonymous> (/usr/local/lib/node_modules/npm/lib/utils/spawn.js:40:14)
14 verbose stack     at emitTwo (events.js:106:13)
14 verbose stack     at ChildProcess.emit (events.js:191:7)
14 verbose stack     at maybeClose (internal/child_process.js:885:16)
14 verbose stack     at Process.ChildProcess._handle.onexit (internal/child_process.js:226:5)
15 verbose pkgid Foodies@0.1.0
16 verbose cwd /vagrant/foodies
17 error Linux 4.4.0-21-generic
18 error argv "/usr/local/bin/node" "/usr/local/bin/npm" "run" "build"
19 error node v7.2.1
20 error npm  v3.10.10
21 error code ELIFECYCLE
22 error Foodies@0.1.0 build: `node node_modules/webpack/bin/webpack.js`
22 error Exit status 1
23 error Failed at the Foodies@0.1.0 build script 'node node_modules/webpack/bin/webpack.js'.
23 error Make sure you have the latest version of node.js and npm installed.
23 error If you do, this is most likely a problem with the Foodies package,
23 error not with npm itself.
23 error Tell the author that this fails on your system:
23 error     node node_modules/webpack/bin/webpack.js
23 error You can get information on how to open an issue for this project with:
23 error     npm bugs Foodies
23 error Or if that isn't available, you can get their info via:
23 error     npm owner ls Foodies
23 error There is likely additional logging output above.
24 verbose exit [ 1, true ]
